[INFO    ] 2019-04-21 16:31:15,927 rec_pic.py[line:326] 推送残余任务！任务图片类型：1，
[INFO    ] 2019-04-21 16:31:15,927 rec_pic.py[line:330] 推送残余任务！任务图片类型：2，
[INFO    ] 2019-04-21 16:33:22,684 rec_pic.py[line:311] 推送任务！任务图片类型：1
[INFO    ] 2019-04-21 16:33:22,684 rec_pic.py[line:311] 推送任务！任务图片类型：1
[INFO    ] 2019-04-21 16:33:24,287 rec_pic.py[line:316] 推送任务！任务图片类型：2
[INFO    ] 2019-04-21 16:33:24,287 rec_pic.py[line:316] 推送任务！任务图片类型：2
[INFO    ] 2019-04-21 16:33:24,488 rec_pic.py[line:311] 推送任务！任务图片类型：1
[INFO    ] 2019-04-21 16:33:24,488 rec_pic.py[line:311] 推送任务！任务图片类型：1
[INFO    ] 2019-04-21 16:33:27,192 rec_pic.py[line:311] 推送任务！任务图片类型：1
[INFO    ] 2019-04-21 16:33:27,192 rec_pic.py[line:311] 推送任务！任务图片类型：1
[INFO    ] 2019-04-21 16:33:29,095 rec_pic.py[line:316] 推送任务！任务图片类型：2
[INFO    ] 2019-04-21 16:33:29,095 rec_pic.py[line:316] 推送任务！任务图片类型：2
[INFO    ] 2019-04-21 16:33:29,496 rec_pic.py[line:311] 推送任务！任务图片类型：1
[INFO    ] 2019-04-21 16:33:29,496 rec_pic.py[line:311] 推送任务！任务图片类型：1
[INFO    ] 2019-04-21 16:33:31,800 rec_pic.py[line:311] 推送任务！任务图片类型：1
[INFO    ] 2019-04-21 16:33:31,800 rec_pic.py[line:311] 推送任务！任务图片类型：1
[INFO    ] 2019-04-21 16:33:33,704 rec_pic.py[line:316] 推送任务！任务图片类型：2
[INFO    ] 2019-04-21 16:33:33,704 rec_pic.py[line:316] 推送任务！任务图片类型：2
[INFO    ] 2019-04-21 16:33:34,806 rec_pic.py[line:311] 推送任务！任务图片类型：1
[INFO    ] 2019-04-21 16:33:34,806 rec_pic.py[line:311] 推送任务！任务图片类型：1
[INFO    ] 2019-04-21 16:33:37,511 rec_pic.py[line:311] 推送任务！任务图片类型：1
[INFO    ] 2019-04-21 16:33:37,511 rec_pic.py[line:311] 推送任务！任务图片类型：1
[INFO    ] 2019-04-21 16:33:38,613 rec_pic.py[line:316] 推送任务！任务图片类型：2
[INFO    ] 2019-04-21 16:33:38,613 rec_pic.py[line:316] 推送任务！任务图片类型：2
[INFO    ] 2019-04-21 16:33:54,739 rec_pic.py[line:311] 推送任务！任务图片类型：1
[INFO    ] 2019-04-21 16:33:54,739 rec_pic.py[line:311] 推送任务！任务图片类型：1
[INFO    ] 2019-04-21 16:33:54,739 rec_pic.py[line:330] 推送残余任务！任务图片类型：2，
[INFO    ] 2019-04-21 16:33:54,739 rec_pic.py[line:330] 推送残余任务！任务图片类型：2，
[INFO    ] 2019-04-21 17:36:58,014 rec_pic.py[line:311] 推送任务！任务图片类型：1
[INFO    ] 2019-04-21 17:36:58,014 rec_pic.py[line:311] 推送任务！任务图片类型：1
[INFO    ] 2019-04-21 17:36:58,014 rec_pic.py[line:311] 推送任务！任务图片类型：1
[INFO    ] 2019-04-21 17:36:58,348 rec_pic.py[line:141] check函数判断识别结果有误！图片类型：1，图片路径：./spider/combined_imgs/2019-04-21_17-36-58.018017.jpg，错误原因：漏识别数字，错误行：1024084908，识别结果行原文：[{'words': '07:0508:4608:4607:05'}, {'words': '09:2507:4907:0508:46'}, {'words': '09:2907:5507:4909:25'}, {'words': '10:0408:2310:0408:23'}, {'words': '10:2408:4908:'}, {'words': '23'}, {'words': '10:04'}, {'words': '10:24'}]
[INFO    ] 2019-04-21 17:36:58,348 rec_pic.py[line:141] check函数判断识别结果有误！图片类型：1，图片路径：./spider/combined_imgs/2019-04-21_17-36-58.018017.jpg，错误原因：漏识别数字，错误行：1024084908，识别结果行原文：[{'words': '07:0508:4608:4607:05'}, {'words': '09:2507:4907:0508:46'}, {'words': '09:2907:5507:4909:25'}, {'words': '10:0408:2310:0408:23'}, {'words': '10:2408:4908:'}, {'words': '23'}, {'words': '10:04'}, {'words': '10:24'}]
[INFO    ] 2019-04-21 17:36:58,348 rec_pic.py[line:141] check函数判断识别结果有误！图片类型：1，图片路径：./spider/combined_imgs/2019-04-21_17-36-58.018017.jpg，错误原因：漏识别数字，错误行：1024084908，识别结果行原文：[{'words': '07:0508:4608:4607:05'}, {'words': '09:2507:4907:0508:46'}, {'words': '09:2907:5507:4909:25'}, {'words': '10:0408:2310:0408:23'}, {'words': '10:2408:4908:'}, {'words': '23'}, {'words': '10:04'}, {'words': '10:24'}]
[WARNING ] 2019-04-21 17:36:58,348 rec_pic.py[line:230] 识别结果检测为无效，图片路径为 ./spider/combined_imgs/2019-04-21_17-36-58.018017.jpg，正在进行第 2 次识别...
[WARNING ] 2019-04-21 17:36:58,348 rec_pic.py[line:230] 识别结果检测为无效，图片路径为 ./spider/combined_imgs/2019-04-21_17-36-58.018017.jpg，正在进行第 2 次识别...
[WARNING ] 2019-04-21 17:36:58,348 rec_pic.py[line:230] 识别结果检测为无效，图片路径为 ./spider/combined_imgs/2019-04-21_17-36-58.018017.jpg，正在进行第 2 次识别...
[INFO    ] 2019-04-21 17:36:59,316 rec_pic.py[line:311] 推送任务！任务图片类型：1
[INFO    ] 2019-04-21 17:36:59,316 rec_pic.py[line:311] 推送任务！任务图片类型：1
[INFO    ] 2019-04-21 17:36:59,316 rec_pic.py[line:311] 推送任务！任务图片类型：1
[INFO    ] 2019-04-21 17:36:59,416 rec_pic.py[line:316] 推送任务！任务图片类型：2
[INFO    ] 2019-04-21 17:36:59,416 rec_pic.py[line:316] 推送任务！任务图片类型：2
[INFO    ] 2019-04-21 17:36:59,416 rec_pic.py[line:316] 推送任务！任务图片类型：2
[INFO    ] 2019-04-21 17:37:00,821 rec_pic.py[line:311] 推送任务！任务图片类型：1
[INFO    ] 2019-04-21 17:37:00,821 rec_pic.py[line:311] 推送任务！任务图片类型：1
[INFO    ] 2019-04-21 17:37:00,821 rec_pic.py[line:311] 推送任务！任务图片类型：1
[INFO    ] 2019-04-21 17:37:01,622 rec_pic.py[line:316] 推送任务！任务图片类型：2
[INFO    ] 2019-04-21 17:37:01,622 rec_pic.py[line:316] 推送任务！任务图片类型：2
[INFO    ] 2019-04-21 17:37:01,622 rec_pic.py[line:316] 推送任务！任务图片类型：2
[INFO    ] 2019-04-21 17:37:02,006 rec_pic.py[line:166] 图片类型：2，图片路径：./spider/combined_imgs/2019-04-21_17-37-01.626430.jpg，错误原因：分片长度不是4的倍数，错误行：[]，识别结果行原文：[{'words': '85.71%71.43%74.19%71.43%'}, {'words': '90.32%90.32%90.32%90.48%'}, {'words': '80.00%83.33%93.55%83.87%'}, {'words': '8095%82.14%95.45%95.45%'}, {'words': '9444%7667%85.71%87.10%'}, {'words': '895%'}]
[INFO    ] 2019-04-21 17:37:02,006 rec_pic.py[line:166] 图片类型：2，图片路径：./spider/combined_imgs/2019-04-21_17-37-01.626430.jpg，错误原因：分片长度不是4的倍数，错误行：[]，识别结果行原文：[{'words': '85.71%71.43%74.19%71.43%'}, {'words': '90.32%90.32%90.32%90.48%'}, {'words': '80.00%83.33%93.55%83.87%'}, {'words': '8095%82.14%95.45%95.45%'}, {'words': '9444%7667%85.71%87.10%'}, {'words': '895%'}]
[INFO    ] 2019-04-21 17:37:02,006 rec_pic.py[line:166] 图片类型：2，图片路径：./spider/combined_imgs/2019-04-21_17-37-01.626430.jpg，错误原因：分片长度不是4的倍数，错误行：[]，识别结果行原文：[{'words': '85.71%71.43%74.19%71.43%'}, {'words': '90.32%90.32%90.32%90.48%'}, {'words': '80.00%83.33%93.55%83.87%'}, {'words': '8095%82.14%95.45%95.45%'}, {'words': '9444%7667%85.71%87.10%'}, {'words': '895%'}]
[WARNING ] 2019-04-21 17:37:02,007 rec_pic.py[line:230] 识别结果检测为无效，图片路径为 ./spider/combined_imgs/2019-04-21_17-37-01.626430.jpg，正在进行第 2 次识别...
[WARNING ] 2019-04-21 17:37:02,007 rec_pic.py[line:230] 识别结果检测为无效，图片路径为 ./spider/combined_imgs/2019-04-21_17-37-01.626430.jpg，正在进行第 2 次识别...
[WARNING ] 2019-04-21 17:37:02,007 rec_pic.py[line:230] 识别结果检测为无效，图片路径为 ./spider/combined_imgs/2019-04-21_17-37-01.626430.jpg，正在进行第 2 次识别...
[INFO    ] 2019-04-21 17:37:02,424 rec_pic.py[line:311] 推送任务！任务图片类型：1
[INFO    ] 2019-04-21 17:37:02,424 rec_pic.py[line:311] 推送任务！任务图片类型：1
[INFO    ] 2019-04-21 17:37:02,424 rec_pic.py[line:311] 推送任务！任务图片类型：1
[INFO    ] 2019-04-21 17:37:03,727 rec_pic.py[line:316] 推送任务！任务图片类型：2
[INFO    ] 2019-04-21 17:37:03,727 rec_pic.py[line:316] 推送任务！任务图片类型：2
[INFO    ] 2019-04-21 17:37:03,727 rec_pic.py[line:316] 推送任务！任务图片类型：2
[INFO    ] 2019-04-21 17:37:04,428 rec_pic.py[line:316] 推送任务！任务图片类型：2
[INFO    ] 2019-04-21 17:37:04,428 rec_pic.py[line:316] 推送任务！任务图片类型：2
[INFO    ] 2019-04-21 17:37:04,428 rec_pic.py[line:316] 推送任务！任务图片类型：2
[INFO    ] 2019-04-21 17:37:04,729 rec_pic.py[line:326] 推送残余任务！任务图片类型：1，
[INFO    ] 2019-04-21 17:37:04,729 rec_pic.py[line:326] 推送残余任务！任务图片类型：1，
[INFO    ] 2019-04-21 17:37:04,729 rec_pic.py[line:326] 推送残余任务！任务图片类型：1，
[INFO    ] 2019-04-21 17:37:04,729 rec_pic.py[line:330] 推送残余任务！任务图片类型：2，
[INFO    ] 2019-04-21 17:37:04,729 rec_pic.py[line:330] 推送残余任务！任务图片类型：2，
[INFO    ] 2019-04-21 17:37:04,729 rec_pic.py[line:330] 推送残余任务！任务图片类型：2，
[INFO    ] 2019-04-21 17:37:05,010 rec_pic.py[line:166] 图片类型：2，图片路径：./spider/combined_imgs/2019-04-21_17-37-04.733865.jpg，错误原因：分片长度不是4的倍数，错误行：[]，识别结果行原文：[{'words': '43.33%39.13%'}, {'words': '50.00%40.00%'}, {'words': '30.00%33.3%'}]
[INFO    ] 2019-04-21 17:37:05,010 rec_pic.py[line:166] 图片类型：2，图片路径：./spider/combined_imgs/2019-04-21_17-37-04.733865.jpg，错误原因：分片长度不是4的倍数，错误行：[]，识别结果行原文：[{'words': '43.33%39.13%'}, {'words': '50.00%40.00%'}, {'words': '30.00%33.3%'}]
[INFO    ] 2019-04-21 17:37:05,010 rec_pic.py[line:166] 图片类型：2，图片路径：./spider/combined_imgs/2019-04-21_17-37-04.733865.jpg，错误原因：分片长度不是4的倍数，错误行：[]，识别结果行原文：[{'words': '43.33%39.13%'}, {'words': '50.00%40.00%'}, {'words': '30.00%33.3%'}]
[WARNING ] 2019-04-21 17:37:05,011 rec_pic.py[line:230] 识别结果检测为无效，图片路径为 ./spider/combined_imgs/2019-04-21_17-37-04.733865.jpg，正在进行第 2 次识别...
[WARNING ] 2019-04-21 17:37:05,011 rec_pic.py[line:230] 识别结果检测为无效，图片路径为 ./spider/combined_imgs/2019-04-21_17-37-04.733865.jpg，正在进行第 2 次识别...
[WARNING ] 2019-04-21 17:37:05,011 rec_pic.py[line:230] 识别结果检测为无效，图片路径为 ./spider/combined_imgs/2019-04-21_17-37-04.733865.jpg，正在进行第 2 次识别...
[INFO    ] 2019-04-21 17:37:17,776 rec_pic.py[line:326] 推送残余任务！任务图片类型：1，
[INFO    ] 2019-04-21 17:37:17,776 rec_pic.py[line:326] 推送残余任务！任务图片类型：1，
[INFO    ] 2019-04-21 17:37:17,776 rec_pic.py[line:326] 推送残余任务！任务图片类型：1，
[INFO    ] 2019-04-21 17:37:17,776 rec_pic.py[line:326] 推送残余任务！任务图片类型：1，
[INFO    ] 2019-04-21 17:37:38,078 rec_pic.py[line:326] 推送残余任务！任务图片类型：1，
[INFO    ] 2019-04-21 17:37:38,078 rec_pic.py[line:326] 推送残余任务！任务图片类型：1，
[INFO    ] 2019-04-21 17:37:38,078 rec_pic.py[line:326] 推送残余任务！任务图片类型：1，
[INFO    ] 2019-04-21 17:37:38,078 rec_pic.py[line:326] 推送残余任务！任务图片类型：1，
[INFO    ] 2019-04-21 17:37:38,078 rec_pic.py[line:326] 推送残余任务！任务图片类型：1，
[INFO    ] 2019-04-21 17:37:38,078 rec_pic.py[line:326] 推送残余任务！任务图片类型：1，
[INFO    ] 2019-04-21 17:37:38,078 rec_pic.py[line:326] 推送残余任务！任务图片类型：1，
[INFO    ] 2019-04-21 17:37:38,078 rec_pic.py[line:326] 推送残余任务！任务图片类型：1，
[INFO    ] 2019-04-21 17:57:27,359 rec_pic.py[line:326] 推送残余任务！任务图片类型：1，
[INFO    ] 2019-04-21 17:57:27,359 rec_pic.py[line:330] 推送残余任务！任务图片类型：2，
[INFO    ] 2019-04-21 18:01:29,663 rec_pic.py[line:326] 推送残余任务！任务图片类型：1，
[INFO    ] 2019-04-21 18:01:29,663 rec_pic.py[line:326] 推送残余任务！任务图片类型：1，
