[INFO    ] 2019-06-02 20:54:11,720 rec_pic.py[line:336](in_rec) 本次提交识别用时 0.884 s
[INFO    ] 2019-06-02 20:54:11,722 rec_pic.py[line:360](rec) 本次识别完毕，识别用时 1.092 s，正在检查识别准确度...
[INFO    ] 2019-06-02 20:54:11,729 rec_pic.py[line:376](rec) 图片 ./combined_imgs/20190602_205410.817314.jpg 识别成功！识别+判断总用时 1.099 s
[INFO    ] 2019-06-02 20:54:11,731 rec_pic.py[line:336](in_rec) 本次提交识别用时 1.589 s
[INFO    ] 2019-06-02 20:54:11,733 rec_pic.py[line:360](rec) 本次识别完毕，识别用时 1.857 s，正在检查识别准确度...
[INFO    ] 2019-06-02 20:54:11,734 rec_pic.py[line:376](rec) 图片 ./combined_imgs/20190602_205410.102203.jpg 识别成功！识别+判断总用时 1.858 s
[INFO    ] 2019-06-02 20:54:11,801 rec_pic.py[line:336](in_rec) 本次提交识别用时 1.664 s
[INFO    ] 2019-06-02 20:54:11,801 rec_pic.py[line:360](rec) 本次识别完毕，识别用时 1.921 s，正在检查识别准确度...
[INFO    ] 2019-06-02 20:54:11,803 rec_pic.py[line:376](rec) 图片 ./combined_imgs/20190602_205410.099211.jpg 识别成功！识别+判断总用时 1.923 s
[INFO    ] 2019-06-02 20:54:11,817 rec_pic.py[line:336](in_rec) 本次提交识别用时 1.708 s
[INFO    ] 2019-06-02 20:54:11,818 rec_pic.py[line:360](rec) 本次识别完毕，识别用时 1.944 s，正在检查识别准确度...
[INFO    ] 2019-06-02 20:54:11,820 rec_pic.py[line:376](rec) 图片 ./combined_imgs/20190602_205410.100208.jpg 识别成功！识别+判断总用时 1.946 s
[INFO    ] 2019-06-02 20:54:13,094 rec_pic.py[line:336](in_rec) 本次提交识别用时 0.370 s
[INFO    ] 2019-06-02 20:54:13,096 rec_pic.py[line:360](rec) 本次识别完毕，识别用时 0.404 s，正在检查识别准确度...
[INFO    ] 2019-06-02 20:54:13,097 rec_pic.py[line:376](rec) 图片 ./combined_imgs/20190602_205412.714866.jpg 识别成功！识别+判断总用时 0.405 s
[INFO    ] 2019-06-02 20:54:14,146 rec_pic.py[line:336](in_rec) 本次提交识别用时 0.679 s
[INFO    ] 2019-06-02 20:54:14,147 rec_pic.py[line:360](rec) 本次识别完毕，识别用时 0.843 s，正在检查识别准确度...
[INFO    ] 2019-06-02 20:54:14,148 rec_pic.py[line:376](rec) 图片 ./combined_imgs/20190602_205413.458877.jpg 识别成功！识别+判断总用时 0.844 s
[INFO    ] 2019-06-02 20:54:17,451 rec_pic.py[line:336](in_rec) 本次提交识别用时 0.430 s
[INFO    ] 2019-06-02 20:54:17,451 rec_pic.py[line:360](rec) 本次识别完毕，识别用时 0.578 s，正在检查识别准确度...
[INFO    ] 2019-06-02 20:54:17,451 rec_pic.py[line:376](rec) 图片 ./combined_imgs/20190602_205417.012113.jpg 识别成功！识别+判断总用时 0.578 s
[INFO    ] 2019-06-02 20:54:17,523 rec_pic.py[line:336](in_rec) 本次提交识别用时 0.425 s
[INFO    ] 2019-06-02 20:54:17,523 rec_pic.py[line:360](rec) 本次识别完毕，识别用时 0.548 s，正在检查识别准确度...
[INFO    ] 2019-06-02 20:54:17,523 rec_pic.py[line:376](rec) 图片 ./combined_imgs/20190602_205417.089910.jpg 识别成功！识别+判断总用时 0.548 s
[INFO    ] 2019-06-02 20:54:20,293 rec_pic.py[line:336](in_rec) 本次提交识别用时 0.379 s
[INFO    ] 2019-06-02 20:54:20,293 rec_pic.py[line:360](rec) 本次识别完毕，识别用时 0.516 s，正在检查识别准确度...
[INFO    ] 2019-06-02 20:54:20,294 rec_pic.py[line:376](rec) 图片 ./combined_imgs/20190602_205419.903413.jpg 识别成功！识别+判断总用时 0.517 s
[INFO    ] 2019-06-02 20:54:22,259 rec_pic.py[line:336](in_rec) 本次提交识别用时 0.406 s
[INFO    ] 2019-06-02 20:54:22,260 rec_pic.py[line:360](rec) 本次识别完毕，识别用时 0.546 s，正在检查识别准确度...
[INFO    ] 2019-06-02 20:54:22,261 rec_pic.py[line:376](rec) 图片 ./combined_imgs/20190602_205421.838168.jpg 识别成功！识别+判断总用时 0.547 s
[INFO    ] 2019-06-02 20:54:23,418 rec_pic.py[line:336](in_rec) 本次提交识别用时 0.374 s
[INFO    ] 2019-06-02 20:54:23,419 rec_pic.py[line:336](in_rec) 本次提交识别用时 0.382 s
[INFO    ] 2019-06-02 20:54:23,419 rec_pic.py[line:360](rec) 本次识别完毕，识别用时 0.388 s，正在检查识别准确度...
[INFO    ] 2019-06-02 20:54:23,419 rec_pic.py[line:360](rec) 本次识别完毕，识别用时 0.389 s，正在检查识别准确度...
[WARNING ] 2019-06-02 20:54:23,419 rec_pic.py[line:216](check) 识别结果有误！图片类型：1，图片路径：./combined_imgs/20190602_205423.040616.jpg，错误原因：识别结果总长度不是4的倍数，处理后的识别结果：19181834184131619321319175420151614154517151650145713461200134420171949，识别结果行原文：[{'words': '19:1818:3418:413:16'}, {'words': '19:3213:1917:5420:15'}, {'words': '16:1415:4517:1516:50'}, {'words': '14:5713:4612:0013:44'}, {'words': '20:1719:49'}]
[WARNING ] 2019-06-02 20:54:23,420 rec_pic.py[line:366](rec) 识别结果错误！图片路径为 ./combined_imgs/20190602_205423.040616.jpg，正在进行第 2 次识别...
[INFO    ] 2019-06-02 20:54:23,419 rec_pic.py[line:376](rec) 图片 ./combined_imgs/20190602_205423.034632.jpg 识别成功！识别+判断总用时 0.388 s
[INFO    ] 2019-06-02 20:54:23,752 rec_pic.py[line:336](in_rec) 本次提交识别用时 0.318 s
[INFO    ] 2019-06-02 20:54:23,753 rec_pic.py[line:370](rec) 本次识别完毕，识别用时 0.333 s，正在检查识别准确度...
[INFO    ] 2019-06-02 20:54:23,753 rec_pic.py[line:374](rec) 图片 ./combined_imgs/20190602_205423.428109.jpg 第 2 次识别成功！识别+判断总用时 0.724 s
